[debug] [2025-05-09T12:56:42.011Z] ----------------------------------------------------------------------
[debug] [2025-05-09T12:56:42.013Z] Command:       /usr/local/share/nvm/versions/node/v20.19.0/bin/node /home/codespace/nvm/current/bin/firebase login
[debug] [2025-05-09T12:56:42.014Z] CLI Version:   14.3.0
[debug] [2025-05-09T12:56:42.014Z] Platform:      linux
[debug] [2025-05-09T12:56:42.014Z] Node Version:  v20.19.0
[debug] [2025-05-09T12:56:42.014Z] Time:          Fri May 09 2025 12:56:42 GMT+0000 (Coordinated Universal Time)
[debug] [2025-05-09T12:56:42.014Z] Env Overrides: GITHUB_API_URL, GITHUB_API_URL
[debug] [2025-05-09T12:56:42.014Z] ----------------------------------------------------------------------
[debug] 
[debug] [2025-05-09T12:56:42.016Z] >>> [apiv2][query] GET https://firebase-public.firebaseio.com/cli.json [none]
[info] i  Firebase optionally collects CLI and Emulator Suite usage and error reporting information to help improve our products. Data is collected in accordance with Google's privacy policy (https://policies.google.com/privacy) and is not used to identify you.
 
[debug] [2025-05-09T12:56:42.405Z] <<< [apiv2][status] GET https://firebase-public.firebaseio.com/cli.json 200
[debug] [2025-05-09T12:56:42.405Z] <<< [apiv2][body] GET https://firebase-public.firebaseio.com/cli.json {"cloudBuildErrorAfter":1594252800000,"cloudBuildWarnAfter":1590019200000,"defaultNode10After":1594252800000,"minVersion":"3.0.5","node8DeploysDisabledAfter":1613390400000,"node8RuntimeDisabledAfter":1615809600000,"node8WarnAfter":1600128000000}
[info] i  To change your data collection preference at any time, run `firebase logout` and log in again. 
[debug] [2025-05-09T12:56:47.185Z] >>> [apiv2][query] POST https://auth.firebase.tools/attest [none]
[debug] [2025-05-09T12:56:47.185Z] >>> [apiv2][body] POST https://auth.firebase.tools/attest {"session_id":"a60c4cd8-db2d-478a-81e3-e7b3d3dfcb87"}
[debug] [2025-05-09T12:56:47.563Z] <<< [apiv2][status] POST https://auth.firebase.tools/attest 200
[debug] [2025-05-09T12:56:47.563Z] <<< [apiv2][body] POST https://auth.firebase.tools/attest {"token":"2fTo25CBWGWd2g6eat4NIoKH1TRD6JrXmCuhe91g41w"}
[info] 
[info] To sign in to the Firebase CLI:
[info] 
[info] 1. Take note of your session ID:
[info] 
[info]    A60C4
[info] 
[info] 2. Visit the URL below on any device and follow the instructions to get your code:
[info] 
[info]    https://auth.firebase.tools/login?code_challenge=bVxcgGsQEIFJ-cEv80Vho-p3h151qE0wOrE6lnC3d_4&session=a60c4cd8-db2d-478a-81e3-e7b3d3dfcb87&attest=2fTo25CBWGWd2g6eat4NIoKH1TRD6JrXmCuhe91g41w
[info] 
[info] 3. Paste or enter the authorization code below once you have it:
[info] 
